Start testing: Apr 15 14:57 中国标准时间
----------------------------------------------------------
Test not available without configuration.  (Missing "-C <config>"?)
1/1 Testing: all_tests
1/1 Test: all_tests
Command: "NOT_AVAILABLE"
Directory: D:/cl/gtest_demo2/build
"all_tests" start time: 
Output:
----------------------------------------------------------
<end of output>
Test time =   0.00 sec
----------------------------------------------------------
Test Passed.
"all_tests" end time: Apr 15 14:57 中国标准时间
"all_tests" time elapsed: 00:00:00
----------------------------------------------------------

End testing: Apr 15 14:57 中国标准时间
